<?xml version="1.0" encoding="UTF-8"?>
<!-- Generated by org.testng.reporters.JUnitReportReporter -->
<testsuite skipped="0" hostname="DESKTOP-NQ15T5F" name="com.automationcicd.DemoProject.TestClass" tests="3" failures="0" timestamp="07 Jul 2019 15:15:36 GMT" time="96.172" errors="0">
  <testcase name="test2" time="33.472" classname="com.automationcicd.DemoProject.TestClass"/>
  <testcase name="test3" time="22.368" classname="com.automationcicd.DemoProject.TestClass"/>
  <testcase name="test1" time="40.332" classname="com.automationcicd.DemoProject.TestClass"/>
</testsuite> <!-- com.automationcicd.DemoProject.TestClass -->
