<?xml version="1.0" encoding="UTF-8"?>
<!-- Generated by org.testng.reporters.JUnitReportReporter -->
<testsuite skipped="0" hostname="DESKTOP-NQ15T5F" name="com.automationcicd.DemoProject.TestClass" tests="3" failures="0" timestamp="07 Jul 2019 16:01:03 GMT" time="40.260" errors="0">
  <testcase name="test1" time="15.395" classname="com.automationcicd.DemoProject.TestClass"/>
  <testcase name="test3" time="10.772" classname="com.automationcicd.DemoProject.TestClass"/>
  <testcase name="test2" time="14.093" classname="com.automationcicd.DemoProject.TestClass"/>
</testsuite> <!-- com.automationcicd.DemoProject.TestClass -->
